# JRE version: Java(TM) SE Runtime Environment (8.0_251-b08) (build 1.8.0_251-b08)
# Java VM: Java HotSpot(TM) 64-Bit Server VM (25.251-b08 mixed mode windows-amd64 compressed oops)
Heap:
 PSYoungGen      total 38400K, used 6031K [0x00000000d5e00000, 0x00000000d8880000, 0x0000000100000000)
  eden space 33280K, 18% used [0x00000000d5e00000,0x00000000d63e3ef8,0x00000000d7e80000)
  from space 5120K, 0% used [0x00000000d7e80000,0x00000000d7e80000,0x00000000d8380000)
  to   space 5120K, 0% used [0x00000000d8380000,0x00000000d8380000,0x00000000d8880000)
 ParOldGen       total 61440K, used 6985K [0x0000000081a00000, 0x0000000085600000, 0x00000000d5e00000)
  object space 61440K, 11% used [0x0000000081a00000,0x00000000820d24f0,0x0000000085600000)
 Metaspace       used 21607K, capacity 21724K, committed 21936K, reserved 1075200K
  class space    used 2689K, capacity 2738K, committed 2816K, reserved 1048576K
GC Heap History (10 events):
Event: 0.615 GC heap before
{Heap before GC invocations=1 (full 0):
 PSYoungGen      total 38400K, used 8726K [0x00000000d5e00000, 0x00000000d8880000, 0x0000000100000000)
  eden space 33280K, 26% used [0x00000000d5e00000,0x00000000d6685b88,0x00000000d7e80000)
  from space 5120K, 0% used [0x00000000d8380000,0x00000000d8380000,0x00000000d8880000)
  to   space 5120K, 0% used [0x00000000d7e80000,0x00000000d7e80000,0x00000000d8380000)
 ParOldGen       total 87552K, used 0K [0x0000000081a00000, 0x0000000086f80000, 0x00000000d5e00000)
  object space 87552K, 0% used [0x0000000081a00000,0x0000000081a00000,0x0000000086f80000)
 Metaspace       used 5646K, capacity 6016K, committed 6144K, reserved 1060864K
  class space    used 654K, capacity 688K, committed 768K, reserved 1048576K
Event: 0.618 GC heap after
Heap after GC invocations=1 (full 0):
 PSYoungGen      total 38400K, used 2113K [0x00000000d5e00000, 0x00000000d8880000, 0x0000000100000000)
  eden space 33280K, 0% used [0x00000000d5e00000,0x00000000d5e00000,0x00000000d7e80000)
  from space 5120K, 41% used [0x00000000d7e80000,0x00000000d8090400,0x00000000d8380000)
  to   space 5120K, 0% used [0x00000000d8380000,0x00000000d8380000,0x00000000d8880000)
 ParOldGen       total 87552K, used 8K [0x0000000081a00000, 0x0000000086f80000, 0x00000000d5e00000)
  object space 87552K, 0% used [0x0000000081a00000,0x0000000081a02000,0x0000000086f80000)
 Metaspace       used 5646K, capacity 6016K, committed 6144K, reserved 1060864K
  class space    used 654K, capacity 688K, committed 768K, reserved 1048576K
}
Event: 0.618 GC heap before
{Heap before GC invocations=2 (full 1):
 PSYoungGen      total 38400K, used 2113K [0x00000000d5e00000, 0x00000000d8880000, 0x0000000100000000)
  eden space 33280K, 0% used [0x00000000d5e00000,0x00000000d5e00000,0x00000000d7e80000)
  from space 5120K, 41% used [0x00000000d7e80000,0x00000000d8090400,0x00000000d8380000)
  to   space 5120K, 0% used [0x00000000d8380000,0x00000000d8380000,0x00000000d8880000)
 ParOldGen       total 87552K, used 8K [0x0000000081a00000, 0x0000000086f80000, 0x00000000d5e00000)
  object space 87552K, 0% used [0x0000000081a00000,0x0000000081a02000,0x0000000086f80000)
 Metaspace       used 5646K, capacity 6016K, committed 6144K, reserved 1060864K
  class space    used 654K, capacity 688K, committed 768K, reserved 1048576K
Event: 0.627 GC heap after
Heap after GC invocations=2 (full 1):
 PSYoungGen      total 38400K, used 0K [0x00000000d5e00000, 0x00000000d8880000, 0x0000000100000000)
  eden space 33280K, 0% used [0x00000000d5e00000,0x00000000d5e00000,0x00000000d7e80000)
  from space 5120K, 0% used [0x00000000d7e80000,0x00000000d7e80000,0x00000000d8380000)
  to   space 5120K, 0% used [0x00000000d8380000,0x00000000d8380000,0x00000000d8880000)
 ParOldGen       total 61440K, used 1941K [0x0000000081a00000, 0x0000000085600000, 0x00000000d5e00000)
  object space 61440K, 3% used [0x0000000081a00000,0x0000000081be57a0,0x0000000085600000)
 Metaspace       used 5646K, capacity 6016K, committed 6144K, reserved 1058816K
  class space    used 654K, capacity 688K, committed 768K, reserved 1048576K
}
Event: 1.893 GC heap before
{Heap before GC invocations=3 (full 1):
 PSYoungGen      total 38400K, used 33280K [0x00000000d5e00000, 0x00000000d8880000, 0x0000000100000000)
  eden space 33280K, 100% used [0x00000000d5e00000,0x00000000d7e80000,0x00000000d7e80000)
  from space 5120K, 0% used [0x00000000d7e80000,0x00000000d7e80000,0x00000000d8380000)
  to   space 5120K, 0% used [0x00000000d8380000,0x00000000d8380000,0x00000000d8880000)
 ParOldGen       total 61440K, used 1941K [0x0000000081a00000, 0x0000000085600000, 0x00000000d5e00000)
  object space 61440K, 3% used [0x0000000081a00000,0x0000000081be57a0,0x0000000085600000)
 Metaspace       used 17051K, capacity 17174K, committed 17536K, reserved 1067008K
  class space    used 2056K, capacity 2097K, committed 2176K, reserved 1048576K
Event: 1.901 GC heap after
Heap after GC invocations=3 (full 1):
 PSYoungGen      total 38400K, used 5092K [0x00000000d5e00000, 0x00000000d8880000, 0x0000000100000000)
  eden space 33280K, 0% used [0x00000000d5e00000,0x00000000d5e00000,0x00000000d7e80000)
  from space 5120K, 99% used [0x00000000d8380000,0x00000000d8879048,0x00000000d8880000)
  to   space 5120K, 0% used [0x00000000d7e80000,0x00000000d7e80000,0x00000000d8380000)
 ParOldGen       total 61440K, used 3934K [0x0000000081a00000, 0x0000000085600000, 0x00000000d5e00000)
  object space 61440K, 6% used [0x0000000081a00000,0x0000000081dd7b38,0x0000000085600000)
 Metaspace       used 17051K, capacity 17174K, committed 17536K, reserved 1067008K
  class space    used 2056K, capacity 2097K, committed 2176K, reserved 1048576K
}
Event: 2.475 GC heap before
{Heap before GC invocations=4 (full 1):
 PSYoungGen      total 38400K, used 27844K [0x00000000d5e00000, 0x00000000d8880000, 0x0000000100000000)
  eden space 33280K, 68% used [0x00000000d5e00000,0x00000000d7438088,0x00000000d7e80000)
  from space 5120K, 99% used [0x00000000d8380000,0x00000000d8879048,0x00000000d8880000)
  to   space 5120K, 0% used [0x00000000d7e80000,0x00000000d7e80000,0x00000000d8380000)
 ParOldGen       total 61440K, used 3934K [0x0000000081a00000, 0x0000000085600000, 0x00000000d5e00000)
  object space 61440K, 6% used [0x0000000081a00000,0x0000000081dd7b38,0x0000000085600000)
 Metaspace       used 20989K, capacity 21084K, committed 21296K, reserved 1071104K
  class space    used 2578K, capacity 2610K, committed 2688K, reserved 1048576K
Event: 2.484 GC heap after
Heap after GC invocations=4 (full 1):
 PSYoungGen      total 38400K, used 5110K [0x00000000d5e00000, 0x00000000d8880000, 0x0000000100000000)
  eden space 33280K, 0% used [0x00000000d5e00000,0x00000000d5e00000,0x00000000d7e80000)
  from space 5120K, 99% used [0x00000000d7e80000,0x00000000d837db60,0x00000000d8380000)
  to   space 5120K, 0% used [0x00000000d8380000,0x00000000d8380000,0x00000000d8880000)
 ParOldGen       total 61440K, used 5039K [0x0000000081a00000, 0x0000000085600000, 0x00000000d5e00000)
  object space 61440K, 8% used [0x0000000081a00000,0x0000000081eebec8,0x0000000085600000)
 Metaspace       used 20989K, capacity 21084K, committed 21296K, reserved 1071104K
  class space    used 2578K, capacity 2610K, committed 2688K, reserved 1048576K
}
Event: 2.485 GC heap before
{Heap before GC invocations=5 (full 2):
 PSYoungGen      total 38400K, used 5110K [0x00000000d5e00000, 0x00000000d8880000, 0x0000000100000000)
  eden space 33280K, 0% used [0x00000000d5e00000,0x00000000d5e00000,0x00000000d7e80000)
  from space 5120K, 99% used [0x00000000d7e80000,0x00000000d837db60,0x00000000d8380000)
  to   space 5120K, 0% used [0x00000000d8380000,0x00000000d8380000,0x00000000d8880000)
 ParOldGen       total 61440K, used 5039K [0x0000000081a00000, 0x0000000085600000, 0x00000000d5e00000)
  object space 61440K, 8% used [0x0000000081a00000,0x0000000081eebec8,0x0000000085600000)
 Metaspace       used 20989K, capacity 21084K, committed 21296K, reserved 1071104K
  class space    used 2578K, capacity 2610K, committed 2688K, reserved 1048576K
Event: 2.526 GC heap after
Heap after GC invocations=5 (full 2):
 PSYoungGen      total 38400K, used 0K [0x00000000d5e00000, 0x00000000d8880000, 0x0000000100000000)
  eden space 33280K, 0% used [0x00000000d5e00000,0x00000000d5e00000,0x00000000d7e80000)
  from space 5120K, 0% used [0x00000000d7e80000,0x00000000d7e80000,0x00000000d8380000)
  to   space 5120K, 0% used [0x00000000d8380000,0x00000000d8380000,0x00000000d8880000)
 ParOldGen       total 61440K, used 6985K [0x0000000081a00000, 0x0000000085600000, 0x00000000d5e00000)
  object space 61440K, 11% used [0x0000000081a00000,0x00000000820d24f0,0x0000000085600000)
 Metaspace       used 20989K, capacity 21084K, committed 21296K, reserved 1071104K
  class space    used 2578K, capacity 2610K, committed 2688K, reserved 1048576K
}

